{"C:\\Users\\Frane_Caleta\\Documents\\Diplomski_Rad_Frane_Caleta\\diplomski-rad\\foo.js": {"path":"C:\\Users\\Frane_Caleta\\Documents\\Diplomski_Rad_Frane_Caleta\\diplomski-rad\\foo.js","statementMap":{"0":{"start":{"line":1,"column":12},"end":{"line":6,"column":1}},"1":{"start":{"line":3,"column":2},"end":{"line":4,"column":20}},"2":{"start":{"line":3,"column":14},"end":{"line":3,"column":31}},"3":{"start":{"line":4,"column":7},"end":{"line":4,"column":20}},"4":{"start":{"line":5,"column":2},"end":{"line":5,"column":22}},"5":{"start":{"line":8,"column":0},"end":{"line":8,"column":21}}},"fnMap":{"0":{"name":"(anonymous_0)","decl":{"start":{"line":1,"column":12},"end":{"line":1,"column":13}},"loc":{"start":{"line":1,"column":24},"end":{"line":6,"column":1}},"line":1}},"branchMap":{"0":{"loc":{"start":{"line":3,"column":2},"end":{"line":4,"column":20}},"type":"if","locations":[{"start":{"line":3,"column":2},"end":{"line":4,"column":20}},{"start":{"line":3,"column":2},"end":{"line":4,"column":20}}],"line":3}},"s":{"0":1,"1":1,"2":1,"3":0,"4":1,"5":1},"f":{"0":1},"b":{"0":[1,0]},"_coverageSchema":"1a1c01bbd47fc00a2c39e90264f33305004495a9","hash":"ac8bbcdd03711f30fea0d95fd8c0ca388955c27a"}
,"C:\\Users\\Frane_Caleta\\Documents\\Diplomski_Rad_Frane_Caleta\\diplomski-rad\\oduzmi.js": {"path":"C:\\Users\\Frane_Caleta\\Documents\\Diplomski_Rad_Frane_Caleta\\diplomski-rad\\oduzmi.js","statementMap":{"0":{"start":{"line":1,"column":15},"end":{"line":1,"column":31}},"1":{"start":{"line":1,"column":26},"end":{"line":1,"column":31}},"2":{"start":{"line":3,"column":0},"end":{"line":3,"column":24}}},"fnMap":{"0":{"name":"(anonymous_0)","decl":{"start":{"line":1,"column":15},"end":{"line":1,"column":16}},"loc":{"start":{"line":1,"column":26},"end":{"line":1,"column":31}},"line":1}},"branchMap":{},"s":{"0":1,"1":1,"2":1},"f":{"0":1},"b":{},"_coverageSchema":"1a1c01bbd47fc00a2c39e90264f33305004495a9","hash":"5556016ba5d749d78249e85a2f97a2e3b0e0556a"}
,"C:\\Users\\Frane_Caleta\\Documents\\Diplomski_Rad_Frane_Caleta\\diplomski-rad\\prosjek.js": {"path":"C:\\Users\\Frane_Caleta\\Documents\\Diplomski_Rad_Frane_Caleta\\diplomski-rad\\prosjek.js","statementMap":{"0":{"start":{"line":1,"column":16},"end":{"line":2,"column":65}},"1":{"start":{"line":2,"column":2},"end":{"line":2,"column":65}},"2":{"start":{"line":2,"column":46},"end":{"line":2,"column":51}},"3":{"start":{"line":4,"column":0},"end":{"line":4,"column":25}}},"fnMap":{"0":{"name":"(anonymous_0)","decl":{"start":{"line":1,"column":16},"end":{"line":1,"column":17}},"loc":{"start":{"line":2,"column":2},"end":{"line":2,"column":65}},"line":2},"1":{"name":"(anonymous_1)","decl":{"start":{"line":2,"column":36},"end":{"line":2,"column":37}},"loc":{"start":{"line":2,"column":46},"end":{"line":2,"column":51}},"line":2}},"branchMap":{"0":{"loc":{"start":{"line":2,"column":2},"end":{"line":2,"column":65}},"type":"cond-expr","locations":[{"start":{"line":2,"column":21},"end":{"line":2,"column":22}},{"start":{"line":2,"column":25},"end":{"line":2,"column":65}}],"line":2}},"s":{"0":1,"1":4,"2":7,"3":1},"f":{"0":4,"1":7},"b":{"0":[1,3]},"_coverageSchema":"1a1c01bbd47fc00a2c39e90264f33305004495a9","hash":"fe5141b487cf156afb40f28905bbe9c010be4908"}
,"C:\\Users\\Frane_Caleta\\Documents\\Diplomski_Rad_Frane_Caleta\\diplomski-rad\\suma.js": {"path":"C:\\Users\\Frane_Caleta\\Documents\\Diplomski_Rad_Frane_Caleta\\diplomski-rad\\suma.js","statementMap":{"0":{"start":{"line":1,"column":13},"end":{"line":1,"column":28}},"1":{"start":{"line":1,"column":23},"end":{"line":1,"column":28}},"2":{"start":{"line":3,"column":0},"end":{"line":3,"column":22}}},"fnMap":{"0":{"name":"(anonymous_0)","decl":{"start":{"line":1,"column":13},"end":{"line":1,"column":14}},"loc":{"start":{"line":1,"column":23},"end":{"line":1,"column":28}},"line":1}},"branchMap":{},"s":{"0":1,"1":1,"2":1},"f":{"0":1},"b":{},"_coverageSchema":"1a1c01bbd47fc00a2c39e90264f33305004495a9","hash":"4bf42bea2b55f3ae88114152b37fe0db63ccffac"}
}
